<?xml version="1.0" encoding="UTF-8"?>
<!-- Generated by org.testng.reporters.JUnitReportReporter -->
<testsuite hostname="LAPTOP-F89H35CK" failures="0" tests="1" name="com.Ecommerce.testscripts.loginModule.InvalidLoginTest" time="1.215" errors="0" timestamp="30 May 2025 15:59:20 GMT" skipped="0">
  <testcase classname="com.Ecommerce.testscripts.loginModule.InvalidLoginTest" name="invalidlogin" time="1.215"/>
</testsuite> <!-- com.Ecommerce.testscripts.loginModule.InvalidLoginTest -->
