<?xml version="1.0" encoding="UTF-8"?>
<!-- Generated by org.testng.reporters.JUnitReportReporter -->
<testsuite hostname="LAPTOP-F89H35CK" failures="0" tests="1" name="com.Ecommerce.ObjectRepository.RegistrationPage" time="0.008" errors="0" timestamp="24 May 2025 07:57:31 GMT" skipped="0">
  <testcase classname="com.Ecommerce.ObjectRepository.RegistrationPage" name="login" time="0.008"/>
</testsuite> <!-- com.Ecommerce.ObjectRepository.RegistrationPage -->
